<?xml version="1.0" encoding="UTF-8"?>
<testng-results skipped="0" failed="0" ignored="0" total="1" passed="1">
  <reporter-output>
  </reporter-output>
  <suite name="Default suite" duration-ms="21545" started-at="2017-05-24T04:09:50Z" finished-at="2017-05-24T04:10:12Z">
    <groups>
    </groups>
    <test name="Default test" duration-ms="21545" started-at="2017-05-24T04:09:50Z" finished-at="2017-05-24T04:10:12Z">
      <class name="googletest.sample">
        <test-method status="PASS" signature="webload()[pri:0, instance:googletest.sample@27efef64]" name="webload" duration-ms="21240" started-at="2017-05-24T09:39:51Z" finished-at="2017-05-24T09:40:12Z">
          <reporter-output>
          </reporter-output>
        </test-method> <!-- webload -->
        <test-method status="PASS" signature="teardown()[pri:0, instance:googletest.sample@27efef64]" name="teardown" is-config="true" duration-ms="272" started-at="2017-05-24T09:40:12Z" finished-at="2017-05-24T09:40:12Z">
          <reporter-output>
          </reporter-output>
        </test-method> <!-- teardown -->
      </class> <!-- googletest.sample -->
    </test> <!-- Default test -->
  </suite> <!-- Default suite -->
</testng-results>
